<?xml version="1.0" encoding="UTF-8"?>
<testng-results ignored="0" total="1" passed="1" failed="0" skipped="0">
  <reporter-output>
  </reporter-output>
  <suite started-at="2023-09-15T17:39:34 IST" name="Default suite" finished-at="2023-09-15T17:39:48 IST" duration-ms="13615">
    <groups>
    </groups>
    <test started-at="2023-09-15T17:39:34 IST" name="Default test" finished-at="2023-09-15T17:39:48 IST" duration-ms="13615">
      <class name="SeleniumModule3.Assignment2">
        <test-method is-config="true" signature="initialize()[pri:0, instance:SeleniumModule3.Assignment2@3ba987b8]" started-at="2023-09-15T17:39:34 IST" name="initialize" finished-at="2023-09-15T17:39:38 IST" duration-ms="3830" status="PASS">
          <reporter-output>
          </reporter-output>
        </test-method> <!-- initialize -->
        <test-method signature="login()[pri:0, instance:SeleniumModule3.Assignment2@3ba987b8]" started-at="2023-09-15T17:39:38 IST" name="login" finished-at="2023-09-15T17:39:47 IST" duration-ms="9544" status="PASS">
          <reporter-output>
          </reporter-output>
        </test-method> <!-- login -->
        <test-method is-config="true" signature="Close()[pri:0, instance:SeleniumModule3.Assignment2@3ba987b8]" started-at="2023-09-15T17:39:47 IST" name="Close" finished-at="2023-09-15T17:39:48 IST" duration-ms="190" status="PASS">
          <reporter-output>
          </reporter-output>
        </test-method> <!-- Close -->
      </class> <!-- SeleniumModule3.Assignment2 -->
    </test> <!-- Default test -->
  </suite> <!-- Default suite -->
</testng-results>
